App_Android/app/build/intermediates/manifest_merge_blame_file/debug/processDebugMainManifest/manifest-merger-blame-debug-report.txt
1<?xml version="1.0" encoding="utf-8"?>
2<manifest xmlns:android="http://schemas.android.com/apk/res/android"
3    package="com.marma.reservashoteltpcolapinto"
4    android:versionCode="1"
5    android:versionName="1.0" >
6
7    <uses-sdk
8        android:minSdkVersion="29"
9        android:targetSdkVersion="34" />
10
11    <uses-permission android:name="android.permission.INTERNET" />
11-->src/main/AndroidManifest.xml:5:5-67
11-->src/main/AndroidManifest.xml:5:22-64
12
13    <permission
13-->[androidx.core:core:1.13.0] AndroidManifest.xml:22:5-24:47
14        android:name="com.marma.reservashoteltpcolapinto.DYNAMIC_RECEIVER_NOT_EXPORTED_PERMISSION"
14-->[androidx.core:core:1.13.0] AndroidManifest.xml:23:9-81
15        android:protectionLevel="signature" />
15-->[androidx.core:core:1.13.0] AndroidManifest.xml:24:9-44
16
17    <uses-permission android:name="com.marma.reservashoteltpcolapinto.DYNAMIC_RECEIVER_NOT_EXPORTED_PERMISSION" />
17-->[androidx.core:core:1.13.0] AndroidManifest.xml:26:5-97
17-->[androidx.core:core:1.13.0] AndroidManifest.xml:26:22-94
18
19    <application
19-->src/main/AndroidManifest.xml:8:5-34:19
20        android:allowBackup="true"
20-->src/main/AndroidManifest.xml:9:9-35
21        android:appComponentFactory="androidx.core.app.CoreComponentFactory"
21-->[androidx.core:core:1.13.0] AndroidManifest.xml:28:18-86
22        android:dataExtractionRules="@xml/data_extraction_rules"
22-->src/main/AndroidManifest.xml:10:9-65
23        android:debuggable="true"
24        android:extractNativeLibs="false"
25        android:fullBackupContent="@xml/backup_rules"
25-->src/main/AndroidManifest.xml:11:9-54
26        android:icon="@mipmap/ic_launcher"
26-->src/main/AndroidManifest.xml:12:9-43
27        android:label="@string/app_name"
27-->src/main/AndroidManifest.xml:13:9-41
28        android:roundIcon="@mipmap/ic_launcher_round"
28-->src/main/AndroidManifest.xml:14:9-54
29        android:supportsRtl="true"
29-->src/main/AndroidManifest.xml:15:9-35
30        android:testOnly="true"
31        android:theme="@style/Theme.ReservasHotelTPColapinto" >
31-->src/main/AndroidManifest.xml:16:9-62
32        <activity
32-->src/main/AndroidManifest.xml:18:9-21:68
33            android:name="com.marma.reservashoteltpcolapinto.ServicioActivity"
33-->src/main/AndroidManifest.xml:19:13-45
34            android:exported="false"
34-->src/main/AndroidManifest.xml:20:13-37
35            android:theme="@style/Theme.ReservasHotelTPColapinto" />
35-->src/main/AndroidManifest.xml:21:13-66
36        <activity
36-->src/main/AndroidManifest.xml:23:9-30:20
37            android:name="com.marma.reservashoteltpcolapinto.IniciarSesionActivity"
37-->src/main/AndroidManifest.xml:24:13-50
38            android:exported="true" >
38-->src/main/AndroidManifest.xml:25:13-36
39            <intent-filter>
39-->src/main/AndroidManifest.xml:26:13-29:29
40                <action android:name="android.intent.action.MAIN" />
40-->src/main/AndroidManifest.xml:27:17-68
40-->src/main/AndroidManifest.xml:27:25-66
41
42                <category android:name="android.intent.category.LAUNCHER" />
42-->src/main/AndroidManifest.xml:28:17-77
42-->src/main/AndroidManifest.xml:28:27-74
43            </intent-filter>
44        </activity>
45        <activity
45-->src/main/AndroidManifest.xml:31:9-33:39
46            android:name="com.marma.reservashoteltpcolapinto.MainActivity"
46-->src/main/AndroidManifest.xml:32:13-41
47            android:exported="false" />
47-->src/main/AndroidManifest.xml:33:13-37
48
49        <provider
49-->[androidx.emoji2:emoji2:1.3.0] AndroidManifest.xml:24:9-32:20
50            android:name="androidx.startup.InitializationProvider"
50-->[androidx.emoji2:emoji2:1.3.0] AndroidManifest.xml:25:13-67
51            android:authorities="com.marma.reservashoteltpcolapinto.androidx-startup"
51-->[androidx.emoji2:emoji2:1.3.0] AndroidManifest.xml:26:13-68
52            android:exported="false" >
52-->[androidx.emoji2:emoji2:1.3.0] AndroidManifest.xml:27:13-37
53            <meta-data
53-->[androidx.emoji2:emoji2:1.3.0] AndroidManifest.xml:29:13-31:52
54                android:name="androidx.emoji2.text.EmojiCompatInitializer"
54-->[androidx.emoji2:emoji2:1.3.0] AndroidManifest.xml:30:17-75
55                android:value="androidx.startup" />
55-->[androidx.emoji2:emoji2:1.3.0] AndroidManifest.xml:31:17-49
56            <meta-data
56-->[androidx.lifecycle:lifecycle-process:2.6.2] AndroidManifest.xml:29:13-31:52
57                android:name="androidx.lifecycle.ProcessLifecycleInitializer"
57-->[androidx.lifecycle:lifecycle-process:2.6.2] AndroidManifest.xml:30:17-78
58                android:value="androidx.startup" />
58-->[androidx.lifecycle:lifecycle-process:2.6.2] AndroidManifest.xml:31:17-49
59            <meta-data
59-->[androidx.profileinstaller:profileinstaller:1.3.1] AndroidManifest.xml:29:13-31:52
60                android:name="androidx.profileinstaller.ProfileInstallerInitializer"
60-->[androidx.profileinstaller:profileinstaller:1.3.1] AndroidManifest.xml:30:17-85
61                android:value="androidx.startup" />
61-->[androidx.profileinstaller:profileinstaller:1.3.1] AndroidManifest.xml:31:17-49
62        </provider>
63
64        <uses-library
64-->[androidx.window:window:1.0.0] AndroidManifest.xml:25:9-27:40
65            android:name="androidx.window.extensions"
65-->[androidx.window:window:1.0.0] AndroidManifest.xml:26:13-54
66            android:required="false" />
66-->[androidx.window:window:1.0.0] AndroidManifest.xml:27:13-37
67        <uses-library
67-->[androidx.window:window:1.0.0] AndroidManifest.xml:28:9-30:40
68            android:name="androidx.window.sidecar"
68-->[androidx.window:window:1.0.0] AndroidManifest.xml:29:13-51
69            android:required="false" />
69-->[androidx.window:window:1.0.0] AndroidManifest.xml:30:13-37
70
71        <receiver
71-->[androidx.profileinstaller:profileinstaller:1.3.1] AndroidManifest.xml:34:9-52:20
72            android:name="androidx.profileinstaller.ProfileInstallReceiver"
72-->[androidx.profileinstaller:profileinstaller:1.3.1] AndroidManifest.xml:35:13-76
73            android:directBootAware="false"
73-->[androidx.profileinstaller:profileinstaller:1.3.1] AndroidManifest.xml:36:13-44
74            android:enabled="true"
74-->[androidx.profileinstaller:profileinstaller:1.3.1] AndroidManifest.xml:37:13-35
75            android:exported="true"
75-->[androidx.profileinstaller:profileinstaller:1.3.1] AndroidManifest.xml:38:13-36
76            android:permission="android.permission.DUMP" >
76-->[androidx.profileinstaller:profileinstaller:1.3.1] AndroidManifest.xml:39:13-57
77            <intent-filter>
77-->[androidx.profileinstaller:profileinstaller:1.3.1] AndroidManifest.xml:40:13-42:29
78                <action android:name="androidx.profileinstaller.action.INSTALL_PROFILE" />
78-->[androidx.profileinstaller:profileinstaller:1.3.1] AndroidManifest.xml:41:17-91
78-->[androidx.profileinstaller:profileinstaller:1.3.1] AndroidManifest.xml:41:25-88
79            </intent-filter>
80            <intent-filter>
80-->[androidx.profileinstaller:profileinstaller:1.3.1] AndroidManifest.xml:43:13-45:29
81                <action android:name="androidx.profileinstaller.action.SKIP_FILE" />
81-->[androidx.profileinstaller:profileinstaller:1.3.1] AndroidManifest.xml:44:17-85
81-->[androidx.profileinstaller:profileinstaller:1.3.1] AndroidManifest.xml:44:25-82
82            </intent-filter>
83            <intent-filter>
83-->[androidx.profileinstaller:profileinstaller:1.3.1] AndroidManifest.xml:46:13-48:29
84                <action android:name="androidx.profileinstaller.action.SAVE_PROFILE" />
84-->[androidx.profileinstaller:profileinstaller:1.3.1] AndroidManifest.xml:47:17-88
84-->[androidx.profileinstaller:profileinstaller:1.3.1] AndroidManifest.xml:47:25-85
85            </intent-filter>
86            <intent-filter>
86-->[androidx.profileinstaller:profileinstaller:1.3.1] AndroidManifest.xml:49:13-51:29
87                <action android:name="androidx.profileinstaller.action.BENCHMARK_OPERATION" />
87-->[androidx.profileinstaller:profileinstaller:1.3.1] AndroidManifest.xml:50:17-95
87-->[androidx.profileinstaller:profileinstaller:1.3.1] AndroidManifest.xml:50:25-92
88            </intent-filter>
89        </receiver>
90    </application>
91
92</manifest>